<?xml version="1.0" encoding="UTF-8"?>
<testng-results skipped="0" failed="0" ignored="0" total="1" passed="1">
  <reporter-output>
  </reporter-output>
  <suite name="Default suite" duration-ms="8239" started-at="2017-10-07T21:23:01Z" finished-at="2017-10-07T21:23:09Z">
    <groups>
    </groups>
    <test name="Default test" duration-ms="8239" started-at="2017-10-07T21:23:01Z" finished-at="2017-10-07T21:23:09Z">
      <class name="opengoogle.SearchResultNumberTest">
        <test-method status="PASS" signature="setup()[pri:0, instance:opengoogle.SearchResultNumberTest@4501b7af]" name="setup" is-config="true" duration-ms="5356" started-at="2017-10-08T00:23:01Z" finished-at="2017-10-08T00:23:06Z">
          <reporter-output>
          </reporter-output>
        </test-method> <!-- setup -->
        <test-method status="PASS" signature="testNumberOfSearchResult()[pri:0, instance:opengoogle.SearchResultNumberTest@4501b7af]" name="testNumberOfSearchResult" duration-ms="1513" started-at="2017-10-08T00:23:06Z" finished-at="2017-10-08T00:23:08Z">
          <reporter-output>
          </reporter-output>
        </test-method> <!-- testNumberOfSearchResult -->
        <test-method status="PASS" signature="tearDown()[pri:0, instance:opengoogle.SearchResultNumberTest@4501b7af]" name="tearDown" is-config="true" duration-ms="1341" started-at="2017-10-08T00:23:08Z" finished-at="2017-10-08T00:23:09Z">
          <reporter-output>
          </reporter-output>
        </test-method> <!-- tearDown -->
      </class> <!-- opengoogle.SearchResultNumberTest -->
    </test> <!-- Default test -->
  </suite> <!-- Default suite -->
</testng-results>
